<?xml version="1.0" encoding="UTF-8" ?>
<testsuite errors="0" failures="0" hostname="Nguyens-MacBook-Pro-2.local" name="MyMathTest" skipped="0" tests="2" time="0.194" timestamp="2021-05-22T08:13:37">
  <properties>
    <property name="ant.library.dir" value="/usr/local/Cellar/ant/1.10.10/libexec/lib" />
    <property name="ant.file.type" value="file" />
    <property name="java.specification.version" value="15" />
    <property name="ant.project.name" value="Lab3" />
    <property name="sun.jnu.encoding" value="UTF-8" />
    <property name="java.class.path" value="/usr/local/Cellar/ant/1.10.10/libexec/lib/ant-launcher.jar:/usr/local/share/ant:/usr/local/Cellar/ant/1.10.10/libexec/lib/bcel-6.5.0.jar:/usr/local/Cellar/ant/1.10.10/libexec/lib/ant-commons-net.jar:/usr/local/Cellar/ant/1.10.10/libexec/lib/ant-xz.jar:/usr/local/Cellar/ant/1.10.10/libexec/lib/ant-junit4.jar:/usr/local/Cellar/ant/1.10.10/libexec/lib/ant-jai.jar:/usr/local/Cellar/ant/1.10.10/libexec/lib/ant-apache-resolver.jar:/usr/local/Cellar/ant/1.10.10/libexec/lib/ant-jdepend.jar:/usr/local/Cellar/ant/1.10.10/libexec/lib/ant-apache-regexp.jar:/usr/local/Cellar/ant/1.10.10/libexec/lib/ant-apache-log4j.jar:/usr/local/Cellar/ant/1.10.10/libexec/lib/ant-javamail.jar:/usr/local/Cellar/ant/1.10.10/libexec/lib/ant-apache-bcel.jar:/usr/local/Cellar/ant/1.10.10/libexec/lib/ant.jar:/usr/local/Cellar/ant/1.10.10/libexec/lib/ant-netrexx.jar:/usr/local/Cellar/ant/1.10.10/libexec/lib/ant-swing.jar:/usr/local/Cellar/ant/1.10.10/libexec/lib/ant-jsch.jar:/usr/local/Cellar/ant/1.10.10/libexec/lib/ant-junitlauncher.jar:/usr/local/Cellar/ant/1.10.10/libexec/lib/ivy-2.5.0.jar:/usr/local/Cellar/ant/1.10.10/libexec/lib/ant-junit.jar:/usr/local/Cellar/ant/1.10.10/libexec/lib/ant-imageio.jar:/usr/local/Cellar/ant/1.10.10/libexec/lib/ant-launcher.jar:/usr/local/Cellar/ant/1.10.10/libexec/lib/ant-antlr.jar:/usr/local/Cellar/ant/1.10.10/libexec/lib/ant-contrib-1.0b3.jar:/usr/local/Cellar/ant/1.10.10/libexec/lib/ant-testutil.jar:/usr/local/Cellar/ant/1.10.10/libexec/lib/ant-apache-oro.jar:/usr/local/Cellar/ant/1.10.10/libexec/lib/ant-jmf.jar:/usr/local/Cellar/ant/1.10.10/libexec/lib/ant-apache-xalan2.jar:/usr/local/Cellar/ant/1.10.10/libexec/lib/ant-apache-bsf.jar:/usr/local/Cellar/ant/1.10.10/libexec/lib/ant-commons-logging.jar" />
    <property name="java.vm.vendor" value="Oracle Corporation" />
    <property name="sun.arch.data.model" value="64" />
    <property name="java.vendor.url" value="https://openjdk.java.net/" />
    <property name="os.name" value="Mac OS X" />
    <property name="java.vm.specification.version" value="15" />
    <property name="jar" value="lab3.jar" />
    <property name="ant.junit.lib" value="lib/ant-junit-1.8.4.jar" />
    <property name="sun.java.launcher" value="SUN_STANDARD" />
    <property name="user.country" value="VN" />
    <property name="compiled.tests" value="build/tests" />
    <property name="sun.boot.library.path" value="/usr/local/Cellar/openjdk/15.0.2/libexec/openjdk.jdk/Contents/Home/lib" />
    <property name="hamcrest-core" value="lib/hamcrest-core-1.3.jar" />
    <property name="sun.java.command" value="org.apache.tools.ant.launch.Launcher -cp  -lib /usr/local/share/ant -f build.xml" />
    <property name="http.nonProxyHosts" value="local|*.local|169.254/16|*.169.254/16" />
    <property name="jdk.debug" value="release" />
    <property name="test" value="test" />
    <property name="sun.cpu.endian" value="little" />
    <property name="user.home" value="/Users/nguyenminh" />
    <property name="user.language" value="en" />
    <property name="java.specification.vendor" value="Oracle Corporation" />
    <property name="java.version.date" value="2021-01-19" />
    <property name="java.home" value="/usr/local/Cellar/openjdk/15.0.2/libexec/openjdk.jdk/Contents/Home" />
    <property name="classnames" value="Name/name.txt" />
    <property name="file.separator" value="/" />
    <property name="basedir" value="/Users/nguyenminh/IdeaProjects/Lab32/wd" />
    <property name="java.vm.compressedOopsMode" value="Zero based" />
    <property name="line.separator" value="&#xa;" />
    <property name="ant.java.version" value="15" />
    <property name="java.vm.specification.vendor" value="Oracle Corporation" />
    <property name="java.specification.name" value="Java Platform API Specification" />
    <property name="sun.management.compiler" value="HotSpot 64-Bit Tiered Compilers" />
    <property name="ant.file.Lab3" value="/Users/nguyenminh/IdeaProjects/Lab32/wd/build.xml" />
    <property name="ftp.nonProxyHosts" value="local|*.local|169.254/16|*.169.254/16" />
    <property name="java.runtime.version" value="15.0.2+7" />
    <property name="user.name" value="nguyenminh" />
    <property name="ant.file" value="/Users/nguyenminh/IdeaProjects/Lab32/wd/build.xml" />
    <property name="path.separator" value=":" />
    <property name="os.version" value="11.3.1" />
    <property name="java.runtime.name" value="OpenJDK Runtime Environment" />
    <property name="file.encoding" value="UTF-8" />
    <property name="ant.project.invoked-targets" value="test" />
    <property name="junit.lib" value="lib/junit-4.12.jar" />
    <property name="java.vm.name" value="OpenJDK 64-Bit Server VM" />
    <property name="ant.core.lib" value="/usr/local/Cellar/ant/1.10.10/libexec/lib/ant.jar" />
    <property name="java.vendor.url.bug" value="https://bugreport.java.com/bugreport/" />
    <property name="java.io.tmpdir" value="/var/folders/_j/_qxrds5x3v73j69ty690hwc00000gn/T/" />
    <property name="src" value="src" />
    <property name="java.version" value="15.0.2" />
    <property name="user.dir" value="/Users/nguyenminh/IdeaProjects/Lab32/wd" />
    <property name="os.arch" value="x86_64" />
    <property name="java.vm.specification.name" value="Java Virtual Machine Specification" />
    <property name="ant.home" value="/usr/local/Cellar/ant/1.10.10/libexec" />
    <property name="ant.version" value="Apache Ant(TM) version 1.10.10 compiled on April 12 2021" />
    <property name="java.library.path" value="/Users/nguyenminh/Library/Java/Extensions:/Library/Java/Extensions:/Network/Library/Java/Extensions:/System/Library/Java/Extensions:/usr/lib/java:." />
    <property name="ant.contrib" value="lib/ant-contrib-1.0b3.jar" />
    <property name="java.vm.info" value="mixed mode, sharing" />
    <property name="java.vendor" value="N/A" />
    <property name="java.vm.version" value="15.0.2+7" />
    <property name="report" value="report" />
    <property name="sun.io.unicode.encoding" value="UnicodeBig" />
    <property name="ant.file.type.Lab3" value="file" />
    <property name="compiled.classes" value="build/production" />
    <property name="socksNonProxyHosts" value="local|*.local|169.254/16|*.169.254/16" />
    <property name="java.class.version" value="59.0" />
    <property name="ant.project.default-target" value="main" />
  </properties>
  <testcase classname="MyMathTest" name="firstTest" time="0.001" />
  <testcase classname="MyMathTest" name="secondTest" time="0.0" />
  <system-out><![CDATA[]]></system-out>
  <system-err><![CDATA[]]></system-err>
</testsuite>
